180420     16281667
EDIT REPORT
KYLE BAYER, JOREE MIRANDA, ASHANTE SMITH
R0002499CR02BS-000212
Errors:

S000100XCW02XX-000001AADFSKJ84MS0913
Errors:     00010  CW

X000099XCR02AS-000033WI8HRW8H43FJSHF
Errors:  X  00009  CW

R0012499CR02AS-000122
Errors:  X  00009  CW

X0014999CR02AZ-000036247R20EHF02EF8E
Errors:  X  00009  CW

S0002999DW02AS-000037WI8HRW8H43FJSH2
Errors:  X  00009  DW

R0002499CR02AS-000212
Errors:  X  00009  DW

S0002999DW02AS-000217WI8HRW8H43FJSHF
Errors:  X  00009  DW

X0012999DB02ZZ-000219247R20EHF02EF8E
Errors:  X  00009  DW

L0014999DB12AD-000234LFW8H88W84HFW4F
Errors:  X  00009  DW  12

R0002999CW02XX-000335SDFSKJ84MS09123
Errors:  X  00009  CW  12

C0014999CR02AZ-000336247R20EHF02EF8E
Errors:  C  00009  CW  12

R0002499CR13AS-000402FLW8H4FW8H4FWF4
Errors:  C  00009  CW  13

S0001000CA13XX-000408SDFSKJ84MS09123
Errors:  C  00009  CW  13

S0014999CR17BZ-000406247R20EHF02EF8E
Errors:  C  00009  CW  17

R0002499CR07BS-000512
Errors:  C  00009  CW  17

S007100XCW07XX-000501AADFSKJ84MS0913
Errors:  C  00710  CW  17

S000099XCR07AS-000633WI8HRW8H43FJSHF
Errors:  C  00009  CW  17

R0012499CR07AS-000722
Errors:  C  00009  CW  17

X0014999CR07AZ-000636247R20EHF02EF8E
Errors:  X  00009  CW  17

S0002999DW07AS-000637WI8HRW8H43FJSH2
Errors:  X  00009  DW  17

R0002499CR07AS-000612
Errors:  X  00009  DW  17

S0002999DW07AS-000617WI8HRW8H43FJSHF
Errors:  X  00009  DW  17

W0012999DB07ZZ-000619247R20EHF02EF8E
Errors:  W  00009  DW  17

R0002999CW07XX-000635SDFSKJ84MS09123
Errors:  W  00009  CW  17

X0014999CR07AZ-000636247R20EHF02EF8E
Errors:  X  00009  CW  17

Valid Records: 126
Invalid Records: 26
