S000100XCW02XX-000001AADFSKJ84MS0913
X000099XCR02AS-000033WI8HRW8H43FJSHF
X0014999CR02AZ-000036247R20EHF02EF8E
S0002999DW02AS-000037WI8HRW8H43FJSH2
S0002999DW02AS-000217WI8HRW8H43FJSHF
X0012999DB02ZZ-000219247R20EHF02EF8E
L0014999DB12AD-000234LFW8H88W84HFW4F
R0002999CW02XX-000335SDFSKJ84MS09123
C0014999CR02AZ-000336247R20EHF02EF8E
R0002499CR13AS-000402FLW8H4FW8H4FWF4
S0001000CA13XX-000408SDFSKJ84MS09123
S0014999CR17BZ-000406247R20EHF02EF8E
S007100XCW07XX-000501AADFSKJ84MS0913
S000099XCR07AS-000633WI8HRW8H43FJSHF
X0014999CR07AZ-000636247R20EHF02EF8E
S0002999DW07AS-000637WI8HRW8H43FJSH2
S0002999DW07AS-000617WI8HRW8H43FJSHF
W0012999DB07ZZ-000619247R20EHF02EF8E
R0002999CW07XX-000635SDFSKJ84MS09123
X0014999CR07AZ-000636247R20EHF02EF8E
