R0002499CR01AS-000102FLW8H4FW8H4FWF4
R0002499CR01BS-000102FLW8H4FW8H4FWF4
R0002999DB01BS-000107WI8HRW8H43FJSHF
R0008999CR01BS-000110WI8HRW8H43FJSHF
R0002000CA02BX-000015SDFSKJ84MS09123
R0002499CR02AS-000102FLW8H4FW8H4FWF4
R0002999CA02XX-000035SDFSKJ84MS09123
R0002000CA02XX-000215SDFSKJ84MS09123
R0002499CR02AS-000202FLW8H4FW8H4FWF4
R0012499CR02AS-000322F4WO8JFO8W4JFW8
R0002499CR03B3-000402FLW8H4FW8H4FWF4
R0002999DB07BS-00S407WI8HRW8H43FJSHF
R0008999CR07BS-000510WI8HRW8H43FJSHF
R0002000CA07BX-000515SDFSKJ84MS09123
R0002499CR07AS-000502FLW8H4FW8H4FWF4
R0002999CA07XX-000635SDFSKJ84MS09123
R0002400CA07XX-00S615SDFSKJ84MS09123
R0002499CR07AS-000602FLW8H4FW8H4FWF4
R0000499CR07AS-0N0622F4WO8JFO8W4JFW8

Total Returns:           19Grand Total:            126
